<?xml version="1.0" encoding="UTF-8"?>
<!-- Generated by org.testng.reporters.JUnitReportReporter -->
<testsuite hostname="welcome" failures="0" tests="3" name="Folder01.Class01" time="0.027" errors="0" timestamp="2021-08-22T12:45:28 IST" skipped="0">
  <testcase classname="Folder01.Class01" name="method01" time="0.020"/>
  <system-out/>
  <testcase classname="Folder01.Class01" name="method02" time="0.003"/>
  <system-out/>
  <testcase classname="Folder01.Class01" name="method03" time="0.004"/>
  <system-out/>
</testsuite> <!-- Folder01.Class01 -->
