<?xml version="1.0" encoding="UTF-8"?>
<!-- Generated by org.testng.reporters.JUnitReportReporter -->
<testsuite hostname="welcome" failures="0" tests="3" name="Folder02.Class01" time="0.027" errors="0" timestamp="2021-08-22T12:45:29 IST" skipped="0">
  <testcase classname="Folder02.Class01" name="method04" time="0.003"/>
  <system-out/>
  <testcase classname="Folder02.Class01" name="method01" time="0.014"/>
  <system-out/>
  <testcase classname="Folder02.Class01" name="method03" time="0.010"/>
  <system-out/>
</testsuite> <!-- Folder02.Class01 -->
