<?xml version="1.0" encoding="UTF-8"?>
<!-- Generated by org.testng.reporters.JUnitReportReporter -->
<testsuite hostname="welcome" failures="0" tests="1" name="PolicyBazar.AutoPolicy.AppTest" time="0.019" errors="0" timestamp="2021-08-25T08:23:00 IST" skipped="0">
  <testcase classname="PolicyBazar.AutoPolicy.AppTest" name="shouldAnswerWithTrue" time="0.019"/>
  <system-out/>
</testsuite> <!-- PolicyBazar.AutoPolicy.AppTest -->
