<?xml version="1.0" encoding="UTF-8"?>
<!-- Generated by org.testng.reporters.JUnitReportReporter -->
<testsuite hostname="welcome" failures="0" tests="1" name="PolicyBazar.AutoPolicy.Hello" time="0.001" errors="0" timestamp="2021-08-25T11:25:41 IST" skipped="0">
  <testcase classname="PolicyBazar.AutoPolicy.Hello" name="printaMe" time="0.001"/>
  <system-out/>
</testsuite> <!-- PolicyBazar.AutoPolicy.Hello -->
